2026-05-26 13:20:30,770 INFO o.a.j.u.JMeterUtils: Setting Locale to en_EN
2026-05-26 13:20:30,798 INFO o.a.j.JMeter: Loading user properties from: C:\jmeter\bin\user.properties
2026-05-26 13:20:30,799 INFO o.a.j.JMeter: Loading system properties from: C:\jmeter\bin\system.properties
2026-05-26 13:20:30,807 INFO o.a.j.JMeter: Copyright (c) 1998-2024 The Apache Software Foundation
2026-05-26 13:20:30,807 INFO o.a.j.JMeter: Version 5.6.3
2026-05-26 13:20:30,808 INFO o.a.j.JMeter: java.version=21.0.11
2026-05-26 13:20:30,808 INFO o.a.j.JMeter: java.vm.name=OpenJDK 64-Bit Server VM
2026-05-26 13:20:30,808 INFO o.a.j.JMeter: os.name=Windows 11
2026-05-26 13:20:30,808 INFO o.a.j.JMeter: os.arch=amd64
2026-05-26 13:20:30,808 INFO o.a.j.JMeter: os.version=10.0
2026-05-26 13:20:30,808 INFO o.a.j.JMeter: file.encoding=UTF-8
2026-05-26 13:20:30,808 INFO o.a.j.JMeter: java.awt.headless=true
2026-05-26 13:20:30,808 INFO o.a.j.JMeter: Max memory     =1073741824
2026-05-26 13:20:30,808 INFO o.a.j.JMeter: Available Processors =8
2026-05-26 13:20:30,820 INFO o.a.j.JMeter: Default Locale=English (EN)
2026-05-26 13:20:30,820 INFO o.a.j.JMeter: JMeter  Locale=English (EN)
2026-05-26 13:20:30,820 INFO o.a.j.JMeter: JMeterHome=C:\jmeter
2026-05-26 13:20:30,820 INFO o.a.j.JMeter: user.dir  =C:\Projetos\jmeter-performance-tests
2026-05-26 13:20:30,821 INFO o.a.j.JMeter: PWD       =C:\Projetos\jmeter-performance-tests
2026-05-26 13:20:30,856 INFO o.a.j.JMeter: IP: 54.232.189.113 Name: aluga-063491 FullName: ec2-54-232-189-113.sa-east-1.compute.amazonaws.com
2026-05-26 13:20:30,878 INFO o.a.j.JMeter: Setting property 'jmeter.reportgenerator.outputdir' to:'C:\Projetos\jmeter-performance-tests\reports\html'
2026-05-26 13:20:30,882 INFO o.a.j.s.FileServer: Default base='C:\Projetos\jmeter-performance-tests'
2026-05-26 13:20:30,886 INFO o.a.j.s.FileServer: Set new base='C:\Projetos\jmeter-performance-tests\tests'
2026-05-26 13:20:31,173 INFO o.a.j.s.SaveService: Testplan (JMX) version: 2.2. Testlog (JTL) version: 2.2
2026-05-26 13:20:31,201 INFO o.a.j.s.SaveService: Using SaveService properties version 5.0
2026-05-26 13:20:31,204 INFO o.a.j.s.SaveService: Using SaveService properties file encoding UTF-8
2026-05-26 13:20:31,208 INFO o.a.j.s.SaveService: Loading file: tests\01_load_test.jmx
2026-05-26 13:20:31,297 INFO o.a.j.p.h.s.HTTPSamplerBase: Parser for text/html is org.apache.jmeter.protocol.http.parser.LagartoBasedHtmlParser
2026-05-26 13:20:31,297 INFO o.a.j.p.h.s.HTTPSamplerBase: Parser for application/xhtml+xml is org.apache.jmeter.protocol.http.parser.LagartoBasedHtmlParser
2026-05-26 13:20:31,297 INFO o.a.j.p.h.s.HTTPSamplerBase: Parser for application/xml is org.apache.jmeter.protocol.http.parser.LagartoBasedHtmlParser
2026-05-26 13:20:31,297 INFO o.a.j.p.h.s.HTTPSamplerBase: Parser for text/xml is org.apache.jmeter.protocol.http.parser.LagartoBasedHtmlParser
2026-05-26 13:20:31,297 INFO o.a.j.p.h.s.HTTPSamplerBase: Parser for text/vnd.wap.wml is org.apache.jmeter.protocol.http.parser.RegexpHTMLParser
2026-05-26 13:20:31,297 INFO o.a.j.p.h.s.HTTPSamplerBase: Parser for text/css is org.apache.jmeter.protocol.http.parser.CssParser
2026-05-26 13:20:31,328 INFO o.a.j.JMeter: Creating summariser <summary>
2026-05-26 13:20:31,334 INFO o.a.j.r.d.ReportGenerator: ReportGenerator will use for Parsing the separator: ','
2026-05-26 13:20:31,334 INFO o.a.j.r.d.ReportGenerator: Will generate report at end of test from  results file: reports/results.jtl
2026-05-26 13:20:31,334 INFO o.a.j.r.d.ReportGenerator: Reading report generator properties from: C:\jmeter\bin\reportgenerator.properties
2026-05-26 13:20:31,349 INFO o.a.j.r.d.ReportGenerator: Merging with JMeter properties
2026-05-26 13:20:31,354 INFO o.a.j.r.c.ReportGeneratorConfiguration: Property 'jmeter.reportgenerator.temp_dir' not found, using default value 'temp' instead.
2026-05-26 13:20:31,356 INFO o.a.j.r.c.ReportGeneratorConfiguration: Property 'jmeter.reportgenerator.apdex_per_transaction' not found, using default value 'null' instead.
2026-05-26 13:20:31,356 INFO o.a.j.r.c.ReportGeneratorConfiguration: apdex_per_transaction is empty, not APDEX per transaction customization
2026-05-26 13:20:31,356 INFO o.a.j.r.c.ReportGeneratorConfiguration: Property 'jmeter.reportgenerator.sample_filter' not found, using default value 'null' instead.
2026-05-26 13:20:31,356 INFO o.a.j.r.c.ReportGeneratorConfiguration: Property 'jmeter.reportgenerator.report_title' not found, using default value 'null' instead.
2026-05-26 13:20:31,356 INFO o.a.j.r.c.ReportGeneratorConfiguration: Property 'jmeter.reportgenerator.start_date' not found, using default value 'null' instead.
2026-05-26 13:20:31,356 INFO o.a.j.r.c.ReportGeneratorConfiguration: Property 'jmeter.reportgenerator.end_date' not found, using default value 'null' instead.
2026-05-26 13:20:31,356 INFO o.a.j.r.c.ReportGeneratorConfiguration: Property 'jmeter.reportgenerator.date_format' not found, using default value 'null' instead.
2026-05-26 13:20:31,357 INFO o.a.j.r.c.ReportGeneratorConfiguration: Will use date range start date: null, end date: null
2026-05-26 13:20:31,363 INFO o.a.j.r.c.ReportGeneratorConfiguration: Property 'jmeter.reportgenerator.graph.totalTPS.exclude_controllers' not found, using default value 'false' instead.
2026-05-26 13:20:31,363 INFO o.a.j.r.c.ReportGeneratorConfiguration: Property 'jmeter.reportgenerator.graph.activeThreadsOverTime.exclude_controllers' not found, using default value 'false' instead.
2026-05-26 13:20:31,363 INFO o.a.j.r.c.ReportGeneratorConfiguration: Property 'jmeter.reportgenerator.graph.timeVsThreads.exclude_controllers' not found, using default value 'false' instead.
2026-05-26 13:20:31,363 INFO o.a.j.r.c.ReportGeneratorConfiguration: Property 'jmeter.reportgenerator.graph.responseTimeDistribution.exclude_controllers' not found, using default value 'false' instead.
2026-05-26 13:20:31,363 INFO o.a.j.r.c.ReportGeneratorConfiguration: Property 'jmeter.reportgenerator.graph.transactionsPerSecond.exclude_controllers' not found, using default value 'false' instead.
2026-05-26 13:20:31,363 INFO o.a.j.r.c.ReportGeneratorConfiguration: Property 'jmeter.reportgenerator.graph.responseTimePercentiles.exclude_controllers' not found, using default value 'false' instead.
2026-05-26 13:20:31,364 INFO o.a.j.r.c.ReportGeneratorConfiguration: Property 'jmeter.reportgenerator.graph.responseTimePercentilesOverTime.exclude_controllers' not found, using default value 'false' instead.
2026-05-26 13:20:31,364 INFO o.a.j.r.c.ReportGeneratorConfiguration: Property 'jmeter.reportgenerator.graph.responseTimesOverTime.exclude_controllers' not found, using default value 'false' instead.
2026-05-26 13:20:31,364 INFO o.a.j.r.c.ReportGeneratorConfiguration: Property 'jmeter.reportgenerator.graph.connectTimeOverTime.exclude_controllers' not found, using default value 'false' instead.
2026-05-26 13:20:31,364 INFO o.a.j.r.c.ReportGeneratorConfiguration: Property 'jmeter.reportgenerator.graph.latenciesOverTime.exclude_controllers' not found, using default value 'false' instead.
2026-05-26 13:20:31,366 INFO o.a.j.r.c.ReportGeneratorConfiguration: Property 'jmeter.reportgenerator.exporter.json.filters_only_sample_series' not found, using default value 'true' instead.
2026-05-26 13:20:31,366 INFO o.a.j.r.c.ReportGeneratorConfiguration: Property 'jmeter.reportgenerator.exporter.json.series_filter' not found, using default value '' instead.
2026-05-26 13:20:31,366 INFO o.a.j.r.c.ReportGeneratorConfiguration: Property 'jmeter.reportgenerator.exporter.json.show_controllers_only' not found, using default value 'false' instead.
2026-05-26 13:20:31,366 INFO o.a.j.r.c.ReportGeneratorConfiguration: Property 'jmeter.reportgenerator.exporter.html.filters_only_sample_series' not found, using default value 'true' instead.
2026-05-26 13:20:31,366 INFO o.a.j.r.c.ReportGeneratorConfiguration: Property 'jmeter.reportgenerator.exporter.html.series_filter' not found, using default value '' instead.
2026-05-26 13:20:31,366 INFO o.a.j.r.c.ReportGeneratorConfiguration: Property 'jmeter.reportgenerator.exporter.html.show_controllers_only' not found, using default value 'false' instead.
2026-05-26 13:20:31,386 INFO o.a.j.e.StandardJMeterEngine: Running the test!
2026-05-26 13:20:31,387 INFO o.a.j.s.SampleEvent: List of sample_variables: []
2026-05-26 13:20:31,389 INFO o.a.j.s.SampleEvent: List of sample_variables: []
2026-05-26 13:20:31,400 INFO o.a.j.e.u.CompoundVariable: Note: Function class names must contain the string: '.functions.'
2026-05-26 13:20:31,400 INFO o.a.j.e.u.CompoundVariable: Note: Function class names must not contain the string: '.gui.'
2026-05-26 13:20:31,534 INFO o.a.j.JMeter: Running test (1779812431534)
2026-05-26 13:20:31,558 INFO o.a.j.e.StandardJMeterEngine: Starting ThreadGroup: 1 : TG - 50 usuarios | Ramp 60s | 10 loops
2026-05-26 13:20:31,558 INFO o.a.j.e.StandardJMeterEngine: Starting 50 threads for group TG - 50 usuarios | Ramp 60s | 10 loops.
2026-05-26 13:20:31,558 INFO o.a.j.e.StandardJMeterEngine: Thread will continue on error
2026-05-26 13:20:31,558 INFO o.a.j.t.ThreadGroup: Starting thread group... number=1 threads=50 ramp-up=60 delayedStart=false
2026-05-26 13:20:31,569 INFO o.a.j.t.JMeterThread: Thread started: TG - 50 usuarios | Ramp 60s | 10 loops 1-1
2026-05-26 13:20:31,598 INFO o.a.j.t.ThreadGroup: Started thread group number 1
2026-05-26 13:20:31,599 INFO o.a.j.e.StandardJMeterEngine: All thread groups have been started
2026-05-26 13:20:32,602 INFO o.a.j.p.h.s.HTTPHCAbstractImpl: Local host = aluga-063491
2026-05-26 13:20:32,613 INFO o.a.j.p.h.s.HTTPHC4Impl: HTTP request retry count = 0
2026-05-26 13:20:32,616 INFO o.a.j.s.SampleResult: Note: Sample TimeStamps are START times
2026-05-26 13:20:32,616 INFO o.a.j.s.SampleResult: sampleresult.default.encoding is set to UTF-8
2026-05-26 13:20:32,616 INFO o.a.j.s.SampleResult: sampleresult.useNanoTime=true
2026-05-26 13:20:32,616 INFO o.a.j.s.SampleResult: sampleresult.nanoThreadSleep=5000
2026-05-26 13:20:32,763 INFO o.a.j.t.JMeterThread: Thread started: TG - 50 usuarios | Ramp 60s | 10 loops 1-2
2026-05-26 13:20:32,765 INFO o.a.j.p.h.s.h.LazyLayeredConnectionSocketFactory: Setting up HTTPS TrustAll Socket Factory
2026-05-26 13:20:32,781 INFO o.a.j.u.JsseSSLManager: Using default SSL protocol: TLS
2026-05-26 13:20:32,781 INFO o.a.j.u.JsseSSLManager: SSL session context: per-thread
2026-05-26 13:20:32,973 INFO o.a.j.u.SSLManager: JmeterKeyStore Location:  type JKS
2026-05-26 13:20:32,981 INFO o.a.j.u.SSLManager: KeyStore created OK
2026-05-26 13:20:32,981 WARN o.a.j.u.SSLManager: Keystore file not found, loading empty keystore
2026-05-26 13:20:33,962 INFO o.a.j.t.JMeterThread: Thread started: TG - 50 usuarios | Ramp 60s | 10 loops 1-3
2026-05-26 13:20:33,963 INFO o.a.j.r.Summariser: summary +      1 in 00:00:02 =    0.4/s Avg:  1232 Min:  1232 Max:  1232 Err:     0 (0.00%) Active: 3 Started: 3 Finished: 0
2026-05-26 13:20:35,162 INFO o.a.j.t.JMeterThread: Thread started: TG - 50 usuarios | Ramp 60s | 10 loops 1-4
2026-05-26 13:20:36,360 INFO o.a.j.t.JMeterThread: Thread started: TG - 50 usuarios | Ramp 60s | 10 loops 1-5
2026-05-26 13:20:37,561 INFO o.a.j.t.JMeterThread: Thread started: TG - 50 usuarios | Ramp 60s | 10 loops 1-6
2026-05-26 13:20:38,761 INFO o.a.j.t.JMeterThread: Thread started: TG - 50 usuarios | Ramp 60s | 10 loops 1-7
2026-05-26 13:20:39,960 INFO o.a.j.t.JMeterThread: Thread started: TG - 50 usuarios | Ramp 60s | 10 loops 1-8
2026-05-26 13:20:41,161 INFO o.a.j.t.JMeterThread: Thread started: TG - 50 usuarios | Ramp 60s | 10 loops 1-9
2026-05-26 13:20:42,360 INFO o.a.j.t.JMeterThread: Thread started: TG - 50 usuarios | Ramp 60s | 10 loops 1-10
2026-05-26 13:20:43,563 INFO o.a.j.t.JMeterThread: Thread started: TG - 50 usuarios | Ramp 60s | 10 loops 1-11
2026-05-26 13:20:44,761 INFO o.a.j.t.JMeterThread: Thread started: TG - 50 usuarios | Ramp 60s | 10 loops 1-12
2026-05-26 13:20:45,962 INFO o.a.j.t.JMeterThread: Thread started: TG - 50 usuarios | Ramp 60s | 10 loops 1-13
2026-05-26 13:20:47,162 INFO o.a.j.t.JMeterThread: Thread started: TG - 50 usuarios | Ramp 60s | 10 loops 1-14
2026-05-26 13:20:48,363 INFO o.a.j.t.JMeterThread: Thread started: TG - 50 usuarios | Ramp 60s | 10 loops 1-15
2026-05-26 13:20:49,562 INFO o.a.j.t.JMeterThread: Thread started: TG - 50 usuarios | Ramp 60s | 10 loops 1-16
2026-05-26 13:20:50,761 INFO o.a.j.t.JMeterThread: Thread started: TG - 50 usuarios | Ramp 60s | 10 loops 1-17
2026-05-26 13:20:51,962 INFO o.a.j.t.JMeterThread: Thread started: TG - 50 usuarios | Ramp 60s | 10 loops 1-18
2026-05-26 13:20:52,062 INFO o.a.j.t.JMeterThread: Thread is done: TG - 50 usuarios | Ramp 60s | 10 loops 1-3
2026-05-26 13:20:52,063 INFO o.a.j.t.JMeterThread: Thread finished: TG - 50 usuarios | Ramp 60s | 10 loops 1-3
2026-05-26 13:20:52,858 INFO o.a.j.t.JMeterThread: Thread is done: TG - 50 usuarios | Ramp 60s | 10 loops 1-1
2026-05-26 13:20:52,859 INFO o.a.j.t.JMeterThread: Thread finished: TG - 50 usuarios | Ramp 60s | 10 loops 1-1
2026-05-26 13:20:53,160 INFO o.a.j.t.JMeterThread: Thread started: TG - 50 usuarios | Ramp 60s | 10 loops 1-19
2026-05-26 13:20:54,361 INFO o.a.j.t.JMeterThread: Thread started: TG - 50 usuarios | Ramp 60s | 10 loops 1-20
2026-05-26 13:20:54,487 INFO o.a.j.t.JMeterThread: Thread is done: TG - 50 usuarios | Ramp 60s | 10 loops 1-2
2026-05-26 13:20:54,487 INFO o.a.j.t.JMeterThread: Thread finished: TG - 50 usuarios | Ramp 60s | 10 loops 1-2
2026-05-26 13:20:54,867 INFO o.a.j.t.JMeterThread: Thread is done: TG - 50 usuarios | Ramp 60s | 10 loops 1-4
2026-05-26 13:20:54,867 INFO o.a.j.t.JMeterThread: Thread finished: TG - 50 usuarios | Ramp 60s | 10 loops 1-4
2026-05-26 13:20:55,560 INFO o.a.j.t.JMeterThread: Thread started: TG - 50 usuarios | Ramp 60s | 10 loops 1-21
2026-05-26 13:20:56,760 INFO o.a.j.t.JMeterThread: Thread started: TG - 50 usuarios | Ramp 60s | 10 loops 1-22
2026-05-26 13:20:57,209 INFO o.a.j.t.JMeterThread: Thread is done: TG - 50 usuarios | Ramp 60s | 10 loops 1-5
2026-05-26 13:20:57,209 INFO o.a.j.t.JMeterThread: Thread finished: TG - 50 usuarios | Ramp 60s | 10 loops 1-5
2026-05-26 13:20:57,253 INFO o.a.j.t.JMeterThread: Thread is done: TG - 50 usuarios | Ramp 60s | 10 loops 1-6
2026-05-26 13:20:57,254 INFO o.a.j.t.JMeterThread: Thread finished: TG - 50 usuarios | Ramp 60s | 10 loops 1-6
2026-05-26 13:20:57,523 INFO o.a.j.t.JMeterThread: Thread is done: TG - 50 usuarios | Ramp 60s | 10 loops 1-7
2026-05-26 13:20:57,523 INFO o.a.j.t.JMeterThread: Thread finished: TG - 50 usuarios | Ramp 60s | 10 loops 1-7
2026-05-26 13:20:57,958 INFO o.a.j.t.JMeterThread: Thread started: TG - 50 usuarios | Ramp 60s | 10 loops 1-23
2026-05-26 13:20:58,699 INFO o.a.j.t.JMeterThread: Thread is done: TG - 50 usuarios | Ramp 60s | 10 loops 1-8
2026-05-26 13:20:58,700 INFO o.a.j.t.JMeterThread: Thread finished: TG - 50 usuarios | Ramp 60s | 10 loops 1-8
2026-05-26 13:20:59,160 INFO o.a.j.t.JMeterThread: Thread started: TG - 50 usuarios | Ramp 60s | 10 loops 1-24
2026-05-26 13:21:00,075 INFO o.a.j.r.Summariser: summary +    304 in 00:00:26 =   11.6/s Avg:    24 Min:     9 Max:   110 Err:     0 (0.00%) Active: 16 Started: 24 Finished: 8
2026-05-26 13:21:00,077 INFO o.a.j.r.Summariser: summary =    305 in 00:00:29 =   10.7/s Avg:    28 Min:     9 Max:  1232 Err:     0 (0.00%)
2026-05-26 13:21:00,359 INFO o.a.j.t.JMeterThread: Thread started: TG - 50 usuarios | Ramp 60s | 10 loops 1-25
2026-05-26 13:21:01,558 INFO o.a.j.t.JMeterThread: Thread started: TG - 50 usuarios | Ramp 60s | 10 loops 1-26
2026-05-26 13:21:02,320 INFO o.a.j.t.JMeterThread: Thread is done: TG - 50 usuarios | Ramp 60s | 10 loops 1-11
2026-05-26 13:21:02,321 INFO o.a.j.t.JMeterThread: Thread finished: TG - 50 usuarios | Ramp 60s | 10 loops 1-11
2026-05-26 13:21:02,760 INFO o.a.j.t.JMeterThread: Thread started: TG - 50 usuarios | Ramp 60s | 10 loops 1-27
2026-05-26 13:21:03,252 INFO o.a.j.t.JMeterThread: Thread is done: TG - 50 usuarios | Ramp 60s | 10 loops 1-9
2026-05-26 13:21:03,252 INFO o.a.j.t.JMeterThread: Thread finished: TG - 50 usuarios | Ramp 60s | 10 loops 1-9
2026-05-26 13:21:03,376 INFO o.a.j.t.JMeterThread: Thread is done: TG - 50 usuarios | Ramp 60s | 10 loops 1-10
2026-05-26 13:21:03,376 INFO o.a.j.t.JMeterThread: Thread finished: TG - 50 usuarios | Ramp 60s | 10 loops 1-10
2026-05-26 13:21:03,959 INFO o.a.j.t.JMeterThread: Thread started: TG - 50 usuarios | Ramp 60s | 10 loops 1-28
2026-05-26 13:21:05,159 INFO o.a.j.t.JMeterThread: Thread started: TG - 50 usuarios | Ramp 60s | 10 loops 1-29
2026-05-26 13:21:05,635 INFO o.a.j.t.JMeterThread: Thread is done: TG - 50 usuarios | Ramp 60s | 10 loops 1-12
2026-05-26 13:21:05,636 INFO o.a.j.t.JMeterThread: Thread finished: TG - 50 usuarios | Ramp 60s | 10 loops 1-12
2026-05-26 13:21:06,359 INFO o.a.j.t.JMeterThread: Thread started: TG - 50 usuarios | Ramp 60s | 10 loops 1-30
2026-05-26 13:21:07,211 INFO o.a.j.t.JMeterThread: Thread is done: TG - 50 usuarios | Ramp 60s | 10 loops 1-14
2026-05-26 13:21:07,211 INFO o.a.j.t.JMeterThread: Thread finished: TG - 50 usuarios | Ramp 60s | 10 loops 1-14
2026-05-26 13:21:07,559 INFO o.a.j.t.JMeterThread: Thread started: TG - 50 usuarios | Ramp 60s | 10 loops 1-31
2026-05-26 13:21:07,611 INFO o.a.j.t.JMeterThread: Thread is done: TG - 50 usuarios | Ramp 60s | 10 loops 1-16
2026-05-26 13:21:07,612 INFO o.a.j.t.JMeterThread: Thread finished: TG - 50 usuarios | Ramp 60s | 10 loops 1-16
2026-05-26 13:21:08,123 INFO o.a.j.t.JMeterThread: Thread is done: TG - 50 usuarios | Ramp 60s | 10 loops 1-13
2026-05-26 13:21:08,124 INFO o.a.j.t.JMeterThread: Thread finished: TG - 50 usuarios | Ramp 60s | 10 loops 1-13
2026-05-26 13:21:08,760 INFO o.a.j.t.JMeterThread: Thread started: TG - 50 usuarios | Ramp 60s | 10 loops 1-32
2026-05-26 13:21:08,895 INFO o.a.j.t.JMeterThread: Thread is done: TG - 50 usuarios | Ramp 60s | 10 loops 1-15
2026-05-26 13:21:08,895 INFO o.a.j.t.JMeterThread: Thread finished: TG - 50 usuarios | Ramp 60s | 10 loops 1-15
2026-05-26 13:21:09,829 INFO o.a.j.t.JMeterThread: Thread is done: TG - 50 usuarios | Ramp 60s | 10 loops 1-17
2026-05-26 13:21:09,830 INFO o.a.j.t.JMeterThread: Thread finished: TG - 50 usuarios | Ramp 60s | 10 loops 1-17
2026-05-26 13:21:09,960 INFO o.a.j.t.JMeterThread: Thread started: TG - 50 usuarios | Ramp 60s | 10 loops 1-33
2026-05-26 13:21:11,161 INFO o.a.j.t.JMeterThread: Thread started: TG - 50 usuarios | Ramp 60s | 10 loops 1-34
2026-05-26 13:21:11,487 INFO o.a.j.t.JMeterThread: Thread is done: TG - 50 usuarios | Ramp 60s | 10 loops 1-19
2026-05-26 13:21:11,488 INFO o.a.j.t.JMeterThread: Thread finished: TG - 50 usuarios | Ramp 60s | 10 loops 1-19
2026-05-26 13:21:12,360 INFO o.a.j.t.JMeterThread: Thread started: TG - 50 usuarios | Ramp 60s | 10 loops 1-35
2026-05-26 13:21:12,758 INFO o.a.j.t.JMeterThread: Thread is done: TG - 50 usuarios | Ramp 60s | 10 loops 1-18
2026-05-26 13:21:12,758 INFO o.a.j.t.JMeterThread: Thread finished: TG - 50 usuarios | Ramp 60s | 10 loops 1-18
2026-05-26 13:21:13,560 INFO o.a.j.t.JMeterThread: Thread started: TG - 50 usuarios | Ramp 60s | 10 loops 1-36
2026-05-26 13:21:13,814 INFO o.a.j.t.JMeterThread: Thread is done: TG - 50 usuarios | Ramp 60s | 10 loops 1-21
2026-05-26 13:21:13,815 INFO o.a.j.t.JMeterThread: Thread finished: TG - 50 usuarios | Ramp 60s | 10 loops 1-21
2026-05-26 13:21:14,760 INFO o.a.j.t.JMeterThread: Thread started: TG - 50 usuarios | Ramp 60s | 10 loops 1-37
2026-05-26 13:21:15,959 INFO o.a.j.t.JMeterThread: Thread started: TG - 50 usuarios | Ramp 60s | 10 loops 1-38
2026-05-26 13:21:17,089 INFO o.a.j.t.JMeterThread: Thread is done: TG - 50 usuarios | Ramp 60s | 10 loops 1-23
2026-05-26 13:21:17,089 INFO o.a.j.t.JMeterThread: Thread finished: TG - 50 usuarios | Ramp 60s | 10 loops 1-23
2026-05-26 13:21:17,160 INFO o.a.j.t.JMeterThread: Thread started: TG - 50 usuarios | Ramp 60s | 10 loops 1-39
2026-05-26 13:21:17,324 INFO o.a.j.t.JMeterThread: Thread is done: TG - 50 usuarios | Ramp 60s | 10 loops 1-20
2026-05-26 13:21:17,357 INFO o.a.j.t.JMeterThread: Thread finished: TG - 50 usuarios | Ramp 60s | 10 loops 1-20
2026-05-26 13:21:17,633 INFO o.a.j.t.JMeterThread: Thread is done: TG - 50 usuarios | Ramp 60s | 10 loops 1-22
2026-05-26 13:21:17,635 INFO o.a.j.t.JMeterThread: Thread finished: TG - 50 usuarios | Ramp 60s | 10 loops 1-22
2026-05-26 13:21:18,360 INFO o.a.j.t.JMeterThread: Thread started: TG - 50 usuarios | Ramp 60s | 10 loops 1-40
2026-05-26 13:21:19,561 INFO o.a.j.t.JMeterThread: Thread started: TG - 50 usuarios | Ramp 60s | 10 loops 1-41
2026-05-26 13:21:20,751 INFO o.a.j.t.JMeterThread: Thread is done: TG - 50 usuarios | Ramp 60s | 10 loops 1-26
2026-05-26 13:21:20,751 INFO o.a.j.t.JMeterThread: Thread finished: TG - 50 usuarios | Ramp 60s | 10 loops 1-26
2026-05-26 13:21:20,759 INFO o.a.j.t.JMeterThread: Thread started: TG - 50 usuarios | Ramp 60s | 10 loops 1-42
2026-05-26 13:21:21,961 INFO o.a.j.t.JMeterThread: Thread started: TG - 50 usuarios | Ramp 60s | 10 loops 1-43
2026-05-26 13:21:22,033 INFO o.a.j.t.JMeterThread: Thread is done: TG - 50 usuarios | Ramp 60s | 10 loops 1-25
2026-05-26 13:21:22,033 INFO o.a.j.t.JMeterThread: Thread finished: TG - 50 usuarios | Ramp 60s | 10 loops 1-25
2026-05-26 13:21:22,083 INFO o.a.j.t.JMeterThread: Thread is done: TG - 50 usuarios | Ramp 60s | 10 loops 1-24
2026-05-26 13:21:22,083 INFO o.a.j.t.JMeterThread: Thread finished: TG - 50 usuarios | Ramp 60s | 10 loops 1-24
2026-05-26 13:21:22,549 INFO o.a.j.t.JMeterThread: Thread is done: TG - 50 usuarios | Ramp 60s | 10 loops 1-27
2026-05-26 13:21:22,550 INFO o.a.j.t.JMeterThread: Thread finished: TG - 50 usuarios | Ramp 60s | 10 loops 1-27
2026-05-26 13:21:23,161 INFO o.a.j.t.JMeterThread: Thread started: TG - 50 usuarios | Ramp 60s | 10 loops 1-44
2026-05-26 13:21:24,360 INFO o.a.j.t.JMeterThread: Thread started: TG - 50 usuarios | Ramp 60s | 10 loops 1-45
2026-05-26 13:21:24,952 INFO o.a.j.t.JMeterThread: Thread is done: TG - 50 usuarios | Ramp 60s | 10 loops 1-28
2026-05-26 13:21:24,952 INFO o.a.j.t.JMeterThread: Thread finished: TG - 50 usuarios | Ramp 60s | 10 loops 1-28
2026-05-26 13:21:25,559 INFO o.a.j.t.JMeterThread: Thread started: TG - 50 usuarios | Ramp 60s | 10 loops 1-46
2026-05-26 13:21:26,328 INFO o.a.j.t.JMeterThread: Thread is done: TG - 50 usuarios | Ramp 60s | 10 loops 1-29
2026-05-26 13:21:26,328 INFO o.a.j.t.JMeterThread: Thread finished: TG - 50 usuarios | Ramp 60s | 10 loops 1-29
2026-05-26 13:21:26,760 INFO o.a.j.t.JMeterThread: Thread started: TG - 50 usuarios | Ramp 60s | 10 loops 1-47
2026-05-26 13:21:27,678 INFO o.a.j.t.JMeterThread: Thread is done: TG - 50 usuarios | Ramp 60s | 10 loops 1-31
2026-05-26 13:21:27,679 INFO o.a.j.t.JMeterThread: Thread finished: TG - 50 usuarios | Ramp 60s | 10 loops 1-31
2026-05-26 13:21:27,961 INFO o.a.j.t.JMeterThread: Thread started: TG - 50 usuarios | Ramp 60s | 10 loops 1-48
2026-05-26 13:21:28,203 INFO o.a.j.t.JMeterThread: Thread is done: TG - 50 usuarios | Ramp 60s | 10 loops 1-30
2026-05-26 13:21:28,203 INFO o.a.j.t.JMeterThread: Thread finished: TG - 50 usuarios | Ramp 60s | 10 loops 1-30
2026-05-26 13:21:29,160 INFO o.a.j.t.JMeterThread: Thread started: TG - 50 usuarios | Ramp 60s | 10 loops 1-49
2026-05-26 13:21:30,029 INFO o.a.j.r.Summariser: summary +    503 in 00:00:30 =   16.8/s Avg:    31 Min:     9 Max:  1049 Err:     0 (0.00%) Active: 18 Started: 49 Finished: 31
2026-05-26 13:21:30,030 INFO o.a.j.r.Summariser: summary =    808 in 00:00:58 =   13.8/s Avg:    30 Min:     9 Max:  1232 Err:     0 (0.00%)
2026-05-26 13:21:30,361 INFO o.a.j.t.JMeterThread: Thread started: TG - 50 usuarios | Ramp 60s | 10 loops 1-50
2026-05-26 13:21:30,556 INFO o.a.j.t.JMeterThread: Thread is done: TG - 50 usuarios | Ramp 60s | 10 loops 1-33
2026-05-26 13:21:30,557 INFO o.a.j.t.JMeterThread: Thread finished: TG - 50 usuarios | Ramp 60s | 10 loops 1-33
2026-05-26 13:21:31,443 INFO o.a.j.t.JMeterThread: Thread is done: TG - 50 usuarios | Ramp 60s | 10 loops 1-34
2026-05-26 13:21:31,443 INFO o.a.j.t.JMeterThread: Thread finished: TG - 50 usuarios | Ramp 60s | 10 loops 1-34
2026-05-26 13:21:31,764 INFO o.a.j.t.JMeterThread: Thread is done: TG - 50 usuarios | Ramp 60s | 10 loops 1-32
2026-05-26 13:21:31,766 INFO o.a.j.t.JMeterThread: Thread finished: TG - 50 usuarios | Ramp 60s | 10 loops 1-32
2026-05-26 13:21:32,815 INFO o.a.j.t.JMeterThread: Thread is done: TG - 50 usuarios | Ramp 60s | 10 loops 1-35
2026-05-26 13:21:32,815 INFO o.a.j.t.JMeterThread: Thread finished: TG - 50 usuarios | Ramp 60s | 10 loops 1-35
2026-05-26 13:21:33,713 INFO o.a.j.t.JMeterThread: Thread is done: TG - 50 usuarios | Ramp 60s | 10 loops 1-36
2026-05-26 13:21:33,721 INFO o.a.j.t.JMeterThread: Thread finished: TG - 50 usuarios | Ramp 60s | 10 loops 1-36
2026-05-26 13:21:34,097 INFO o.a.j.t.JMeterThread: Thread is done: TG - 50 usuarios | Ramp 60s | 10 loops 1-37
2026-05-26 13:21:34,097 INFO o.a.j.t.JMeterThread: Thread finished: TG - 50 usuarios | Ramp 60s | 10 loops 1-37
2026-05-26 13:21:34,739 INFO o.a.j.t.JMeterThread: Thread is done: TG - 50 usuarios | Ramp 60s | 10 loops 1-39
2026-05-26 13:21:34,740 INFO o.a.j.t.JMeterThread: Thread finished: TG - 50 usuarios | Ramp 60s | 10 loops 1-39
2026-05-26 13:21:35,082 INFO o.a.j.t.JMeterThread: Thread is done: TG - 50 usuarios | Ramp 60s | 10 loops 1-38
2026-05-26 13:21:35,087 INFO o.a.j.t.JMeterThread: Thread finished: TG - 50 usuarios | Ramp 60s | 10 loops 1-38
2026-05-26 13:21:39,022 INFO o.a.j.t.JMeterThread: Thread is done: TG - 50 usuarios | Ramp 60s | 10 loops 1-40
2026-05-26 13:21:39,023 INFO o.a.j.t.JMeterThread: Thread finished: TG - 50 usuarios | Ramp 60s | 10 loops 1-40
2026-05-26 13:21:40,376 INFO o.a.j.t.JMeterThread: Thread is done: TG - 50 usuarios | Ramp 60s | 10 loops 1-41
2026-05-26 13:21:40,376 INFO o.a.j.t.JMeterThread: Thread finished: TG - 50 usuarios | Ramp 60s | 10 loops 1-41
2026-05-26 13:21:40,846 INFO o.a.j.t.JMeterThread: Thread is done: TG - 50 usuarios | Ramp 60s | 10 loops 1-42
2026-05-26 13:21:40,846 INFO o.a.j.t.JMeterThread: Thread finished: TG - 50 usuarios | Ramp 60s | 10 loops 1-42
2026-05-26 13:21:42,803 INFO o.a.j.t.JMeterThread: Thread is done: TG - 50 usuarios | Ramp 60s | 10 loops 1-44
2026-05-26 13:21:42,803 INFO o.a.j.t.JMeterThread: Thread finished: TG - 50 usuarios | Ramp 60s | 10 loops 1-44
2026-05-26 13:21:43,743 INFO o.a.j.t.JMeterThread: Thread is done: TG - 50 usuarios | Ramp 60s | 10 loops 1-45
2026-05-26 13:21:43,744 INFO o.a.j.t.JMeterThread: Thread finished: TG - 50 usuarios | Ramp 60s | 10 loops 1-45
2026-05-26 13:21:44,045 INFO o.a.j.t.JMeterThread: Thread is done: TG - 50 usuarios | Ramp 60s | 10 loops 1-46
2026-05-26 13:21:44,045 INFO o.a.j.t.JMeterThread: Thread finished: TG - 50 usuarios | Ramp 60s | 10 loops 1-46
2026-05-26 13:21:44,205 INFO o.a.j.t.JMeterThread: Thread is done: TG - 50 usuarios | Ramp 60s | 10 loops 1-43
2026-05-26 13:21:44,205 INFO o.a.j.t.JMeterThread: Thread finished: TG - 50 usuarios | Ramp 60s | 10 loops 1-43
2026-05-26 13:21:49,633 INFO o.a.j.t.JMeterThread: Thread is done: TG - 50 usuarios | Ramp 60s | 10 loops 1-47
2026-05-26 13:21:49,633 INFO o.a.j.t.JMeterThread: Thread finished: TG - 50 usuarios | Ramp 60s | 10 loops 1-47
2026-05-26 13:21:49,918 INFO o.a.j.t.JMeterThread: Thread is done: TG - 50 usuarios | Ramp 60s | 10 loops 1-48
2026-05-26 13:21:49,918 INFO o.a.j.t.JMeterThread: Thread finished: TG - 50 usuarios | Ramp 60s | 10 loops 1-48
2026-05-26 13:21:51,425 INFO o.a.j.t.JMeterThread: Thread is done: TG - 50 usuarios | Ramp 60s | 10 loops 1-50
2026-05-26 13:21:51,425 INFO o.a.j.t.JMeterThread: Thread finished: TG - 50 usuarios | Ramp 60s | 10 loops 1-50
2026-05-26 13:21:51,625 INFO o.a.j.t.JMeterThread: Thread is done: TG - 50 usuarios | Ramp 60s | 10 loops 1-49
2026-05-26 13:21:51,625 INFO o.a.j.t.JMeterThread: Thread finished: TG - 50 usuarios | Ramp 60s | 10 loops 1-49
2026-05-26 13:21:51,626 INFO o.a.j.e.StandardJMeterEngine: Notifying test listeners of end of test
2026-05-26 13:21:51,629 INFO o.a.j.r.Summariser: summary +    192 in 00:00:22 =    8.9/s Avg:    43 Min:     9 Max:  1048 Err:     0 (0.00%) Active: 0 Started: 50 Finished: 50
2026-05-26 13:21:51,630 INFO o.a.j.r.Summariser: summary =   1000 in 00:01:20 =   12.5/s Avg:    32 Min:     9 Max:  1232 Err:     0 (0.00%)
2026-05-26 13:21:51,631 INFO o.a.j.JMeter: Generating Dashboard
2026-05-26 13:21:51,632 INFO o.a.j.r.d.ReportGenerator: Flushing result collector before report Generation
2026-05-26 13:21:51,731 INFO o.a.j.r.p.NormalizerSampleConsumer: Using format, 'ms', to parse timeStamp field
2026-05-26 13:21:51,936 INFO o.a.j.r.p.AbstractSampleConsumer: class org.apache.jmeter.report.processor.AggregateConsumer#stopProducing(): beginDate produced 0 samples
2026-05-26 13:21:51,936 INFO o.a.j.r.p.AbstractSampleConsumer: class org.apache.jmeter.report.processor.AggregateConsumer#stopProducing(): endDate produced 0 samples
2026-05-26 13:21:51,941 INFO o.a.j.r.p.AbstractSampleConsumer: class org.apache.jmeter.report.processor.ApdexSummaryConsumer#stopProducing(): apdexSummary produced 0 samples
2026-05-26 13:21:51,941 INFO o.a.j.r.p.AbstractSampleConsumer: class org.apache.jmeter.report.processor.RequestsSummaryConsumer#stopProducing(): requestsSummary produced 0 samples
2026-05-26 13:21:51,950 INFO o.a.j.r.p.AbstractSampleConsumer: class org.apache.jmeter.report.processor.StatisticsSummaryConsumer#stopProducing(): statisticsSummary produced 0 samples
2026-05-26 13:21:51,953 INFO o.a.j.r.p.AbstractSampleConsumer: class org.apache.jmeter.report.processor.Top5ErrorsBySamplerConsumer#stopProducing(): top5ErrorsBySampler produced 0 samples
2026-05-26 13:21:51,953 INFO o.a.j.r.p.AbstractSampleConsumer: class org.apache.jmeter.report.processor.ErrorsSummaryConsumer#stopProducing(): errorsSummary produced 0 samples
2026-05-26 13:21:51,953 INFO o.a.j.r.p.AbstractSampleConsumer: class org.apache.jmeter.report.processor.graph.impl.HitsPerSecondGraphConsumer#stopProducing(): hitsPerSecond produced 0 samples
2026-05-26 13:21:52,023 INFO o.a.j.r.p.AbstractSampleConsumer: class org.apache.jmeter.report.processor.graph.impl.LatencyVSRequestGraphConsumer#stopProducing(): latencyVsRequest produced 0 samples
2026-05-26 13:21:52,024 INFO o.a.j.r.p.AbstractSampleConsumer: class org.apache.jmeter.report.processor.graph.impl.SyntheticResponseTimeDistributionGraphConsumer#stopProducing(): syntheticResponseTimeDistribution produced 0 samples
2026-05-26 13:21:52,024 INFO o.a.j.r.p.AbstractSampleConsumer: class org.apache.jmeter.report.processor.graph.impl.BytesThroughputGraphConsumer#stopProducing(): bytesThroughputOverTime produced 0 samples
2026-05-26 13:21:52,024 INFO o.a.j.r.p.AbstractSampleConsumer: class org.apache.jmeter.report.processor.graph.impl.CodesPerSecondGraphConsumer#stopProducing(): codesPerSecond produced 0 samples
2026-05-26 13:21:52,081 INFO o.a.j.r.p.AbstractSampleConsumer: class org.apache.jmeter.report.processor.graph.impl.ResponseTimeVSRequestGraphConsumer#stopProducing(): responseTimeVsRequest produced 0 samples
2026-05-26 13:21:52,082 INFO o.a.j.r.p.AbstractSampleConsumer: class org.apache.jmeter.report.processor.FilterConsumer#stopProducing(): startIntervalControlerFilter produced 7000 samples
2026-05-26 13:21:52,082 INFO o.a.j.r.p.AbstractSampleConsumer: class org.apache.jmeter.report.processor.graph.impl.TotalTPSGraphConsumer#stopProducing(): totalTPS produced 0 samples
2026-05-26 13:21:52,082 INFO o.a.j.r.p.AbstractSampleConsumer: class org.apache.jmeter.report.processor.graph.impl.ActiveThreadsGraphConsumer#stopProducing(): activeThreadsOverTime produced 0 samples
2026-05-26 13:21:52,082 INFO o.a.j.r.p.AbstractSampleConsumer: class org.apache.jmeter.report.processor.graph.impl.TimeVSThreadGraphConsumer#stopProducing(): timeVsThreads produced 0 samples
2026-05-26 13:21:52,082 INFO o.a.j.r.p.AbstractSampleConsumer: class org.apache.jmeter.report.processor.graph.impl.ResponseTimeDistributionGraphConsumer#stopProducing(): responseTimeDistribution produced 0 samples
2026-05-26 13:21:52,082 INFO o.a.j.r.p.AbstractSampleConsumer: class org.apache.jmeter.report.processor.graph.impl.TransactionsPerSecondGraphConsumer#stopProducing(): transactionsPerSecond produced 0 samples
2026-05-26 13:21:52,082 INFO o.a.j.r.p.AbstractSampleConsumer: class org.apache.jmeter.report.processor.graph.impl.ResponseTimePercentilesGraphConsumer#stopProducing(): responseTimePercentiles produced 0 samples
2026-05-26 13:21:52,084 INFO o.a.j.r.p.AbstractSampleConsumer: class org.apache.jmeter.report.processor.graph.impl.ResponseTimePercentilesOverTimeGraphConsumer#stopProducing(): responseTimePercentilesOverTime produced 0 samples
2026-05-26 13:21:52,085 INFO o.a.j.r.p.AbstractSampleConsumer: class org.apache.jmeter.report.processor.graph.impl.ResponseTimeOverTimeGraphConsumer#stopProducing(): responseTimesOverTime produced 0 samples
2026-05-26 13:21:52,085 INFO o.a.j.r.p.AbstractSampleConsumer: class org.apache.jmeter.report.processor.graph.impl.ConnectTimeOverTimeGraphConsumer#stopProducing(): connectTimeOverTime produced 0 samples
2026-05-26 13:21:52,085 INFO o.a.j.r.p.AbstractSampleConsumer: class org.apache.jmeter.report.processor.graph.impl.LatencyOverTimeGraphConsumer#stopProducing(): latenciesOverTime produced 0 samples
2026-05-26 13:21:52,085 INFO o.a.j.r.p.AbstractSampleConsumer: class org.apache.jmeter.report.processor.FilterConsumer#stopProducing(): nameFilter produced 15000 samples
2026-05-26 13:21:52,085 INFO o.a.j.r.p.AbstractSampleConsumer: class org.apache.jmeter.report.processor.FilterConsumer#stopProducing(): dateRangeFilter produced 3000 samples
2026-05-26 13:21:52,085 INFO o.a.j.r.p.AbstractSampleConsumer: class org.apache.jmeter.report.processor.NormalizerSampleConsumer#stopProducing(): normalizer produced 1000 samples
2026-05-26 13:21:52,086 INFO o.a.j.r.p.CsvFileSampleSource: produce(): 1000 samples produced in 307ms on channel 0
2026-05-26 13:21:52,086 INFO o.a.j.r.d.ReportGenerator: Exporting data using exporter:'json' of className:'org.apache.jmeter.report.dashboard.JsonExporter'
2026-05-26 13:21:52,231 INFO o.a.j.r.d.JsonExporter: Found data for consumer statisticsSummary in context
2026-05-26 13:21:52,231 INFO o.a.j.r.d.JsonExporter: Creating statistics for overall
2026-05-26 13:21:52,232 INFO o.a.j.r.d.JsonExporter: Creating statistics for other transactions
2026-05-26 13:21:52,232 INFO o.a.j.r.d.JsonExporter: Checking output folder
2026-05-26 13:21:52,233 INFO o.a.j.r.d.JsonExporter: Writing statistics JSON to C:\Projetos\jmeter-performance-tests\reports\html\statistics.json
2026-05-26 13:21:52,311 INFO o.a.j.r.d.ReportGenerator: Exporting data using exporter:'html' of className:'org.apache.jmeter.report.dashboard.HtmlTemplateExporter'
2026-05-26 13:21:52,321 INFO o.a.j.r.d.HtmlTemplateExporter: Will generate dashboard in folder: C:\Projetos\jmeter-performance-tests\reports\html
2026-05-26 13:21:52,477 INFO o.a.j.r.d.HtmlTemplateExporter: Report will be generated in: C:\Projetos\jmeter-performance-tests\reports\html, creating folder structure
2026-05-26 13:21:52,480 INFO o.a.j.r.d.TemplateVisitor: Copying folder from 'C:\jmeter\bin\report-template' to 'C:\Projetos\jmeter-performance-tests\reports\html', got message: C:\Projetos\jmeter-performance-tests\reports\html, found non empty folder with following content [C:\Projetos\jmeter-performance-tests\reports\html\statistics.json], will be ignored
2026-05-26 13:21:53,231 INFO o.a.j.JMeter: Dashboard generated
